<?xml version="1.0" encoding="UTF-8"?>
<testng-results ignored="0" total="2" passed="2" failed="0" skipped="0">
  <reporter-output>
  </reporter-output>
  <suite started-at="2026-06-11T02:38:40 UTC" name="Surefire suite" finished-at="2026-06-11T02:38:55 UTC" duration-ms="15312">
    <groups>
    </groups>
    <test started-at="2026-06-11T02:38:40 UTC" name="Surefire test" finished-at="2026-06-11T02:38:55 UTC" duration-ms="15312">
      <class name="com.blazedemo.tests.FlightBookingTest">
        <test-method is-config="true" signature="setup()[pri:0, instance:com.blazedemo.tests.FlightBookingTest@233fe9b6]" started-at="2026-06-11T02:38:40 UTC" name="setup" finished-at="2026-06-11T02:38:53 UTC" duration-ms="12721" status="PASS">
          <reporter-output>
          </reporter-output>
        </test-method> <!-- setup -->
        <test-method signature="bookFlight()[pri:0, instance:com.blazedemo.tests.FlightBookingTest@233fe9b6]" started-at="2026-06-11T02:38:53 UTC" name="bookFlight" finished-at="2026-06-11T02:38:55 UTC" duration-ms="2468" status="PASS">
          <reporter-output>
          </reporter-output>
        </test-method> <!-- bookFlight -->
        <test-method is-config="true" signature="tearDown()[pri:0, instance:com.blazedemo.tests.FlightBookingTest@233fe9b6]" started-at="2026-06-11T02:38:55 UTC" name="tearDown" finished-at="2026-06-11T02:38:55 UTC" duration-ms="76" status="PASS">
          <reporter-output>
          </reporter-output>
        </test-method> <!-- tearDown -->
      </class> <!-- com.blazedemo.tests.FlightBookingTest -->
      <class name="com.blazedemo.AppTest">
        <test-method signature="shouldAnswerWithTrue()[pri:0, instance:com.blazedemo.AppTest@7f1302d6]" started-at="2026-06-11T02:38:40 UTC" name="shouldAnswerWithTrue" finished-at="2026-06-11T02:38:40 UTC" duration-ms="9" status="PASS">
          <reporter-output>
          </reporter-output>
        </test-method> <!-- shouldAnswerWithTrue -->
      </class> <!-- com.blazedemo.AppTest -->
    </test> <!-- Surefire test -->
  </suite> <!-- Surefire suite -->
</testng-results>
