<?xml version="1.0" encoding="UTF-8"?>
<testng-results ignored="0" total="2" passed="2" failed="0" skipped="0">
  <reporter-output>
  </reporter-output>
  <suite started-at="2026-06-11T12:45:37 UTC" name="Surefire suite" finished-at="2026-06-11T12:45:41 UTC" duration-ms="4952">
    <groups>
    </groups>
    <test started-at="2026-06-11T12:45:37 UTC" name="Surefire test" finished-at="2026-06-11T12:45:41 UTC" duration-ms="4952">
      <class name="com.blazedemo.AppTest">
        <test-method signature="shouldAnswerWithTrue()[pri:0, instance:com.blazedemo.AppTest@159f197]" started-at="2026-06-11T12:45:41 UTC" name="shouldAnswerWithTrue" finished-at="2026-06-11T12:45:41 UTC" duration-ms="0" status="PASS">
          <reporter-output>
          </reporter-output>
        </test-method> <!-- shouldAnswerWithTrue -->
      </class> <!-- com.blazedemo.AppTest -->
      <class name="com.blazedemo.tests.FlightBookingTest">
        <test-method is-config="true" signature="setup()[pri:0, instance:com.blazedemo.tests.FlightBookingTest@4fe767f3]" started-at="2026-06-11T12:45:37 UTC" name="setup" finished-at="2026-06-11T12:45:40 UTC" duration-ms="2962" status="PASS">
          <reporter-output>
          </reporter-output>
        </test-method> <!-- setup -->
        <test-method signature="bookFlight()[pri:0, instance:com.blazedemo.tests.FlightBookingTest@4fe767f3]" started-at="2026-06-11T12:45:40 UTC" name="bookFlight" finished-at="2026-06-11T12:45:41 UTC" duration-ms="1881" status="PASS">
          <reporter-output>
          </reporter-output>
        </test-method> <!-- bookFlight -->
        <test-method is-config="true" signature="tearDown()[pri:0, instance:com.blazedemo.tests.FlightBookingTest@4fe767f3]" started-at="2026-06-11T12:45:41 UTC" name="tearDown" finished-at="2026-06-11T12:45:41 UTC" duration-ms="78" status="PASS">
          <reporter-output>
          </reporter-output>
        </test-method> <!-- tearDown -->
      </class> <!-- com.blazedemo.tests.FlightBookingTest -->
    </test> <!-- Surefire test -->
  </suite> <!-- Surefire suite -->
</testng-results>
